<?xml version="1.0" encoding="UTF-8"?>
<!-- Generated by org.testng.reporters.JUnitReportReporter -->
<testsuite hostname="BSS_A487" failures="0" tests="1" name="dcs.get_token" time="3.944" errors="0" timestamp="2022-07-05T20:55:37 WEST" skipped="0">
  <testcase classname="dcs.get_token" name="get_cds_token" time="3.944"/>
  <system-out/>
</testsuite> <!-- dcs.get_token -->
