<?xml version="1.0" encoding="UTF-8"?>
<!-- Generated by org.testng.reporters.JUnitReportReporter -->
<testsuite hostname="BSS_A487" failures="0" tests="1" name="dcs.Test01_GET" time="3.905" errors="0" timestamp="2022-07-05T21:37:40 WEST" skipped="0">
  <testcase classname="dcs.Test01_GET" name="test_01" time="3.905"/>
  <system-out/>
</testsuite> <!-- dcs.Test01_GET -->
