<?xml version="1.0" encoding="UTF-8"?>
<!-- Generated by org.testng.reporters.JUnitReportReporter -->
<testsuite hostname="BSS_A487" failures="0" tests="8" name="dcs.DataCatalogService" time="11.011" errors="0" timestamp="2022-08-19T12:48:40 WEST" skipped="0">
  <testcase classname="dcs.DataCatalogService" name="ReadCatalogAddressCodesByDistrict01" time="0.921"/>
  <system-out/>
  <testcase classname="dcs.DataCatalogService" name="ReadCatalogAddressCodesByDistrict" time="1.094"/>
  <system-out/>
  <testcase classname="dcs.DataCatalogService" name="ReadCatalogCountries" time="1.159"/>
  <system-out/>
  <testcase classname="dcs.DataCatalogService" name="ReadCatalog" time="3.829"/>
  <system-out/>
  <testcase classname="dcs.DataCatalogService" name="ReadCatalogCountriesPT" time="0.830"/>
  <system-out/>
  <testcase classname="dcs.DataCatalogService" name="ReadCatalogAddressCodesByDistrictNotFound" time="0.774"/>
  <system-out/>
  <testcase classname="dcs.DataCatalogService" name="ReadCatalogCountriesNotFound" time="1.417"/>
  <system-out/>
  <testcase classname="dcs.DataCatalogService" name="ReadCatalogTaxAutServices" time="0.987"/>
  <system-out/>
</testsuite> <!-- dcs.DataCatalogService -->
